{"numTotalTestSuites":8,"numPassedTestSuites":6,"numFailedTestSuites":2,"numPendingTestSuites":0,"numTotalTests":9,"numPassedTests":7,"numFailedTests":2,"numPendingTests":0,"numTodoTests":0,"snapshot":{"added":0,"failure":false,"filesAdded":0,"filesRemoved":0,"filesRemovedList":[],"filesUnmatched":0,"filesUpdated":0,"matched":0,"total":0,"unchecked":0,"uncheckedKeysByFile":[],"unmatched":0,"updated":0,"didUpdate":false},"startTime":1774904296033,"success":false,"testResults":[{"assertionResults":[{"ancestorTitles":["App Integration"],"fullName":"App Integration renders without crashing","status":"passed","title":"renders without crashing","duration":235.11749999999938,"failureMessages":[],"meta":{},"tags":[]}],"startTime":1774904300365,"endTime":1774904300600.1174,"status":"passed","message":"","name":"C:/Users/danil/.gemini/antigravity/scratch/BaruPortfolio/src/__tests__/App.test.jsx"},{"assertionResults":[{"ancestorTitles":["HeroSection Component"],"fullName":"HeroSection Component renders main heading","status":"passed","title":"renders main heading","duration":196.6313999999993,"failureMessages":[],"meta":{},"tags":[]},{"ancestorTitles":["HeroSection Component"],"fullName":"HeroSection Component renders key metrics buttons","status":"passed","title":"renders key metrics buttons","duration":27.754400000000714,"failureMessages":[],"meta":{},"tags":[]},{"ancestorTitles":["HeroSection Component"],"fullName":"HeroSection Component renders call to action button","status":"passed","title":"renders call to action button","duration":26.01129999999921,"failureMessages":[],"meta":{},"tags":[]}],"startTime":1774904300243,"endTime":1774904300493.0112,"status":"passed","message":"","name":"C:/Users/danil/.gemini/antigravity/scratch/BaruPortfolio/src/components/__tests__/HeroSection.test.jsx"},{"assertionResults":[{"ancestorTitles":["Navbar Component"],"fullName":"Navbar Component renders correctly and displays logo","status":"passed","title":"renders correctly and displays logo","duration":148.14429999999993,"failureMessages":[],"meta":{},"tags":[]},{"ancestorTitles":["Navbar Component"],"fullName":"Navbar Component renders navigation links","status":"passed","title":"renders navigation links","duration":14.054299999999785,"failureMessages":[],"meta":{},"tags":[]},{"ancestorTitles":["Navbar Component"],"fullName":"Navbar Component calls scrollTo when link is clicked","status":"passed","title":"calls scrollTo when link is clicked","duration":21.142400000000634,"failureMessages":[],"meta":{},"tags":[]}],"startTime":1774904300276,"endTime":1774904300460.1423,"status":"passed","message":"","name":"C:/Users/danil/.gemini/antigravity/scratch/BaruPortfolio/src/components/__tests__/Navbar.test.jsx"},{"assertionResults":[{"ancestorTitles":["PortfolioSection Component"],"fullName":"PortfolioSection Component renders section title","status":"failed","title":"renders section title","duration":202.3141000000005,"failureMessages":["TestingLibraryElementError: Unable to find an element with the text: /Trabajo Reciente/i. This could be because the text is broken up by multiple elements. In this case, you can provide a function for your text matcher to make your matcher more flexible.\n\nIgnored nodes: comments, script, style\n\u001b[36m<body>\u001b[39m\n  \u001b[36m<div>\u001b[39m\n    \u001b[36m<section\u001b[39m\n      \u001b[33maria-labelledby\u001b[39m=\u001b[32m\"portfolio-heading\"\u001b[39m\n      \u001b[33mclass\u001b[39m=\u001b[32m\"py-32 px-6 bg-white relative\"\u001b[39m\n      \u001b[33mid\u001b[39m=\u001b[32m\"trabajo\"\u001b[39m\n    \u001b[36m>\u001b[39m\n      \u001b[36m<div\u001b[39m\n        \u001b[33mclass\u001b[39m=\u001b[32m\"max-w-[1400px] mx-auto\"\u001b[39m\n      \u001b[36m>\u001b[39m\n        \u001b[36m<div\u001b[39m\n          \u001b[33mclass\u001b[39m=\u001b[32m\"text-center mb-20\"\u001b[39m\n          \u001b[33mstyle\u001b[39m=\u001b[32m\"opacity: 0;\"\u001b[39m\n        \u001b[36m>\u001b[39m\n          \u001b[36m<h2\u001b[39m\n            \u001b[33mclass\u001b[39m=\u001b[32m\"text-sm font-bold uppercase tracking-widest text-pink-500 mb-4\"\u001b[39m\n          \u001b[36m>\u001b[39m\n            \u001b[0m02. Mi Portafolio\u001b[0m\n          \u001b[36m</h2>\u001b[39m\n          \u001b[36m<h3\u001b[39m\n            \u001b[33mclass\u001b[39m=\u001b[32m\"text-4xl md:text-6xl font-extrabold text-slate-900\"\u001b[39m\n            \u001b[33mid\u001b[39m=\u001b[32m\"portfolio-heading\"\u001b[39m\n          \u001b[36m>\u001b[39m\n            \u001b[0mMarcas que confiaron \u001b[0m\n            \u001b[36m<span\u001b[39m\n              \u001b[33mclass\u001b[39m=\u001b[32m\"text-gradient\"\u001b[39m\n            \u001b[36m>\u001b[39m\n              \u001b[0men mi visión.\u001b[0m\n            \u001b[36m</span>\u001b[39m\n          \u001b[36m</h3>\u001b[39m\n          \u001b[36m<p\u001b[39m\n            \u001b[33mclass\u001b[39m=\u001b[32m\"text-slate-500 mt-6 text-lg max-w-xl mx-auto\"\u001b[39m\n          \u001b[36m>\u001b[39m\n            \u001b[0mContenido real que ha generado millones de vistas y conexiones auténticas con audiencias.\u001b[0m\n          \u001b[36m</p>\u001b[39m\n        \u001b[36m</div>\u001b[39m\n        \u001b[36m<div\u001b[39m\n          \u001b[33mclass\u001b[39m=\u001b[32m\"grid grid-cols-1 md:grid-cols-2 lg:grid-cols-2 gap-8 mb-16 max-w-5xl mx-auto\"\u001b[39m\n          \u001b[33mstyle\u001b[39m=\u001b[32m\"opacity: 0;\"\u001b[39m\n        \u001b[36m>\u001b[39m\n          \u001b[36m<div\u001b[39m\n            \u001b[33maria-label\u001b[39m=\u001b[32m\"Proyecto: Secret Desodorantes — 4.9M Vistas\"\u001b[39m\n            \u001b[33mclass\u001b[39m=\u001b[32m\"group relative rounded-[2rem] overflow-hidden shadow-lg aspect-[4/5] cursor-pointer\"\u001b[39m\n            \u001b[33mrole\u001b[39m=\u001b[32m\"article\"\u001b[39m\n            \u001b[33mstyle\u001b[39m=\u001b[32m\"opacity: 0; transform: translateY(30px);\"\u001b[39m\n            \u001b[33mtabindex\u001b[39m=\u001b[32m\"0\"\u001b[39m\n          \u001b[36m>\u001b[39m\n            \u001b[36m<img\u001b[39m\n              \u001b[33malt\u001b[39m=\u001b[32m\"Contenido UGC para Secret Desodorantes\"\u001b[39m\n              \u001b[33mclass\u001b[39m=\u001b[32m\"w-full h-full object-cover group-hover:scale-110 transition-transform duration-700 ease-in-out\"\u001b[39m\n              \u001b[33mheight\u001b[39m=\u001b[32m\"1000\"\u001b[39m\n              \u001b[33mloading\u001b[39m=\u001b[32m\"lazy\"\u001b[39m\n              \u001b[33msrc\u001b[39m=\u001b[32m\"https://images.unsplash.com/photo-1616683693504-3ea7e9ad6fec?q=80&w=800&auto=format&fit=crop\"\u001b[39m\n              \u001b[33mwidth\u001b[39m=\u001b[32m\"800\"\u001b[39m\n            \u001b[36m/>\u001b[39m\n            \u001b[36m<div\u001b[39m\n              \u001b[33maria-hidden\u001b[39m=\u001b[32m\"true\"\u001b[39m\n              \u001b[33mclass\u001b[39m=\u001b[32m\"absolute inset-0 bg-gradient-to-t from-orange-400 to-orange-500 opacity-60 mix-blend-multiply group-hover:opacity-80 transition-opacity duration-500\"\u001b[39m\n            \u001b[36m/>\u001b[39m\n            \u001b[36m<div\u001b[39m\n              \u001b[33maria-hidden\u001b[39m=\u001b[32m\"true\"\u001b[39m\n              \u001b[33mclass\u001b[39m=\u001b[32m\"absolute inset-0 bg-gradient-to-t from-slate-900 via-slate-900/40 to-transparent opacity-80\"\u001b[39m\n            \u001b[36m/>\u001b[39m\n            \u001b[36m<div\u001b[39m\n              \u001b[33mclass\u001b[39m=\u001b[32m\"absolute top-6 left-6 z-20\"\u001b[39m\n            \u001b[36m>\u001b[39m\n              \u001b[36m<span\u001b[39m\n                \u001b[33mclass\u001b[39m=\u001b[32m\"bg-white/20 backdrop-blur-sm text-white text-xs font-bold px-3 py-1 rounded-full border border-white/20\"\u001b[39m\n              \u001b[36m>\u001b[39m\n                \u001b[0m🔥 Viral\u001b[0m\n              \u001b[36m</span>\u001b[39m\n            \u001b[36m</div>\u001b[39m\n            \u001b[36m<div\u001b[39m\n              \u001b[33mclass\u001b[39m=\u001b[32m\"absolute inset-0 flex items-center justify-center opacity-0 group-hover:opacity-100 transition-all duration-300 scale-75 group-hover:scale-100 z-10\"\u001b[39m\n            \u001b[36m>\u001b[39m\n              \u001b[36m<div\u001b[39m\n                \u001b[33mclass\u001b[39m=\u001b[32m\"w-16 h-16 bg-white/30 backdrop-blur-md rounded-full flex items-center justify-center\"\u001b[39m\n              \u001b[36m>\u001b[39m\n                \u001b[36m<svg\u001b[39m\n                  \u001b[33maria-hidden\u001b[39m=\u001b[32m\"true\"\u001b[39m\n                  \u001b[33mclass\u001b[39m=\u001b[32m\"lucide lucide-arrow-up-right w-6 h-6 text-white\"\u001b[39m\n                  \u001b[33mfill\u001b[39m=\u001b[32m\"none\"\u001b[39m\n                  \u001b[33mheight\u001b[39m=\u001b[32m\"24\"\u001b[39m\n                  \u001b[33mstroke\u001b[39m=\u001b[32m\"currentColor\"\u001b[39m\n                  \u001b[33mstroke-linecap\u001b[39m=\u001b[32m\"round\"\u001b[39m\n                  \u001b[33mstroke-linejoin\u001b[39m=\u001b[32m\"round\"\u001b[39m\n                  \u001b[33mstroke-width\u001b[39m=\u001b[32m\"2\"\u001b[39m\n                  \u001b[33mviewBox\u001b[39m=\u001b[32m\"0 0 24 24\"\u001b[39m\n                  \u001b[33mwidth\u001b[39m=\u001b[32m\"24\"\u001b[39m\n                  \u001b[33mxmlns\u001b[39m=\u001b[32m\"http://www.w3.org/2000/svg\"\u001b[39m\n                \u001b[36m>\u001b[39m\n                  \u001b[36m<path\u001b[39m\n                    \u001b[33md\u001b[39m=\u001b[32m\"M7 7h10v10\"\u001b[39m\n                  \u001b[36m/>\u001b[39m\n                  \u001b[36m<path\u001b[39m\n                    \u001b[33md\u001b[39m=\u001b[32m\"M7 17 17 7\"\u001b[39m\n                  \u001b[36m/>\u001b[39m\n                \u001b[36m</svg>\u001b[39m\n              \u001b[36m</div>\u001b[39m\n            \u001b[36m</div>\u001b[39m\n            \u001b[36m<div\u001b[39m\n              \u001b[33mclass\u001b[39m=\u001b[32m\"absolute bottom-0 left-0 w-full p-8 z-20 translate-y-4 group-hover:translate-y-0 transition-transform duration-500\"\u001b[39m\n            \u001b[36m>\u001b[39m\n              \u001b[36m<p\u001b[39m\n                \u001b[33mclass\u001b[39m=\u001b[32m\"text-white/70 text-xs font-bold uppercase tracking-wider mb-1\"\u001b[39m\n              \u001b[36m>\u001b[39m\n                \u001b[0mBrand Deal · UGC Orgánico\u001b[0m\n              \u001b[36m</p>\u001b[39m\n              \u001b[36m<h4\u001b[39m\n                \u001b[33mclass\u001b[39m=\u001b[32m\"text-white text-2xl font-extrabold mb-2 leading-tight\"\u001b[39m\n              \u001b[36m>\u001b[39m\n                \u001b[0mSecret Desodorantes\u001b[0m\n              \u001b[36m</h4>\u001b[39m\n              \u001b[36m<div\u001b[39m\n                \u001b[33mclass\u001b[39m=\u001b[32m\"flex items-center gap-2\"\u001b[39m\n              \u001b[36m>\u001b[39m\n                \u001b[36m<div\u001b[39m\n                  \u001b[33mclass\u001b[39m=\u001b[32m\"inline-block bg-white/20 backdrop-blur-sm px-3 py-1 rounded-full text-white text-xs font-bold\"\u001b[39m\n                \u001b[36m>\u001b[39m\n                  \u001b[0m4.9M Vistas\u001b[0m\n                \u001b[36m</div>\u001b[39m\n                \u001b[36m<div\u001b[39m\n                  \u001b[33mclass\u001b[39m=\u001b[32m\"inline-block bg-white/10 backdrop-blur-sm px-3 py-1 rounded-full text-white/70 text-xs\"\u001b[39m\n                \u001b[36m>\u001b[39m\n                  \u001b[0mTikTok + Instagram\u001b[0m\n                \u001b[36m</div>\u001b[39m\n              \u001b[36m</div>\u001b[39m\n            \u001b[36m</div>\u001b[39m\n          \u001b[36m</div>\u001b[39m\n          \u001b[36m<div\u001b[39m\n            \u001b[33maria-label\u001b[39m=\u001b[32m\"Proyecto: Ekos Fusión — 99.5K Vistas\"\u001b[39m\n            \u001b[33mclass\u001b[39m=\u001b[32m\"group relative rounded-[2rem] overflow-hidden shadow-lg aspect-[4/5] cursor-pointer\"\u001b[39m\n            \u001b[33mrole\u001b[39m=\u001b[32m\"article\"\u001b[39m\n            \u001b[33mstyle\u001b[39m=\u001b[32m\"opacity: 0; transform: translateY(30px);\"\u001b[39m\n            \u001b[33mtabindex\u001b[39m=\u001b[32m\"0\"\u001b[39m\n          \u001b[36m>\u001b[39m\n            \u001b[36m<img\u001b[39m\n              \u001b[33malt\u001b[39m=\u001b[32m\"Contenido UGC para Ekos Fusión\"\u001b[39m\n              \u001b[33mclass\u001b[39m=\u001b[32m\"w-full h-full object-cover group-hover:scale-110 transition-transform duration-700 ease-in-out\"\u001b[39m\n              \u001b[33mheight\u001b[39m=\u001b[32m\"1000\"\u001b[39m\n              \u001b[33mloading\u001b[39m=\u001b[32m\"lazy\"\u001b[39m\n              \u001b[33msrc\u001b[39m=\u001b[32m\"https://images.unsplash.com/photo-1516575334481-f85287c2c82d?q=80&w=800&auto=format&fit=crop\"\u001b[39m\n              \u001b[33mwidth\u001b[39m=\u001b[32m\"800\"\u001b[39m\n            \u001b[36m/>\u001b[39m\n            \u001b[36m<div\u001b[39m\n              \u001b[33maria-hidden\u001b[39m=\u001b[32m\"true\"\u001b[39m\n              \u001b[33mclass\u001b[39m=\u001b[32m\"absolute inset-0 bg-gradient-to-t from-rose-400 to-orange-400 opacity-60 mix-blend-multiply group-hover:opacity-80 transition-opacity duration-500\"\u001b[39m\n            \u001b[36m/>\u001b[39m\n            \u001b[36m<div\u001b[39m\n              \u001b[33maria-hidden\u001b[39m=\u001b[32m\"true\"\u001b[39m\n              \u001b[33mclass\u001b[39m=\u001b[32m\"absolute inset-0 bg-gradient-to-t from-slate-900 via-slate-900/40 to-transparent opacity-80\"\u001b[39m\n            \u001b[36m/>\u001b[39m\n            \u001b[36m<div\u001b[39m\n              \u001b[33mclass\u001b[39m=\u001b[32m\"absolute top-6 left-6 z-20\"\u001b[39m\n            \u001b[36m>\u001b[39m\n              \u001b[36m<span\u001b[39m\n                \u001b[33mclass\u001b[39m=\u001b[32m\"bg-white/20 backdrop-blur-sm text-white text-xs font-bold px-3 py-1 rounded-full border border-white/20\"\u001b[39m\n              \u001b[36m>\u001b[39m\n                \u001b[0m📍 Providencia\u001b[0m\n              \u001b[36m</span>\u001b[39m\n            \u001b[36m</div>\u001b[39m\n            \u001b[36m<div\u001b[39m\n              \u001b[33mclass\u001b[39m=\u001b[32m\"absolute inset-0 flex items-center justify-center opacity-0 group-hover:opacity-100 transition-all duration-300 scale-75 group-hover:scale-100 z-10\"\u001b[39m\n            \u001b[36m>\u001b[39m\n              \u001b[36m<div\u001b[39m\n                \u001b[33mclass\u001b[39m=\u001b[32m\"w-16 h-16 bg-white/30 backdrop-blur-md rounded-full flex items-center justify-center\"\u001b[39m\n              \u001b[36m>\u001b[39m\n                \u001b[36m<svg\u001b[39m\n                  \u001b[33maria-hidden\u001b[39m=\u001b[32m\"true\"\u001b[39m\n                  \u001b[33mclass\u001b[39m=\u001b[32m\"lucide lucide-arrow-up-right w-6 h-6 text-white\"\u001b[39m\n                  \u001b[33mfill\u001b[39m=\u001b[32m\"none\"\u001b[39m\n                  \u001b[33mheight\u001b[39m=\u001b[32m\"24\"\u001b[39m\n                  \u001b[33mstroke\u001b[39m=\u001b[32m\"currentColor\"\u001b[39m\n                  \u001b[33mstroke-linecap\u001b[39m=\u001b[32m\"round\"\u001b[39m\n                  \u001b[33mstroke-linejoin\u001b[39m=\u001b[32m\"round\"\u001b[39m\n                  \u001b[33mstroke-width\u001b[39m=\u001b[32m\"2\"\u001b[39m\n                  \u001b[33mviewBox\u001b[39m=\u001b[32m\"0 0 24 24\"\u001b[39m\n                  \u001b[33mwidth\u001b[39m=\u001b[32m\"24\"\u001b[39m\n                  \u001b[33mxmlns\u001b[39m=\u001b[32m\"http://www.w3.org/2000/svg\"\u001b[39m\n                \u001b[36m>\u001b[39m\n                  \u001b[36m<path\u001b[39m\n                    \u001b[33md\u001b[39m=\u001b[32m\"M7 7h10v10\"\u001b[39m\n                  \u001b[36m/>\u001b[39m\n                  \u001b[36m<path\u001b[39m\n                    \u001b[33md\u001b[39m=\u001b[32m\"M7 17 17 7\"\u001b[39m\n                  \u001b[36m/>\u001b[39m\n                \u001b[36m</svg>\u001b[39m\n              \u001b[36m</div>\u001b[39m\n            \u001b[36m</div>\u001b[39m\n            \u001b[36m<div\u001b[39m\n              \u001b[33mclass\u001b[39m=\u001b[32m\"absolute bottom-0 left-0 w-full p-8 z-20 translate-y-4 group-hover:translate-y-0 transition-transform duration-500\"\u001b[39m\n            \u001b[36m>\u001b[39m\n              \u001b[36m<p\u001b[39m\n                \u001b[33mclass\u001b[39m=\u001b[32m\"text-white/70 text-xs font-bold uppercase tracking-wider mb-1\"\u001b[39m\n              \u001b[36m>\u001b[39m\n                \u001b[0mReseña Gastronómica · Lifestyle\u001b[0m\n              \u001b[36m</p>\u001b[39m\n              \u001b[36m<h4\u001b[39m\n                \u001b[33mclass\u001b[39m=\u001b[32m\"text-white text-2xl font-extrabold mb-2 leading-tight\"\u001b[39m\n              \u001b[36m>\u001b[39m\n                \u001b[0mEkos Fusión\u001b[0m\n              \u001b[36m</h4>\u001b[39m\n              \u001b[36m<div\u001b[39m\n                \u001b[33mclass\u001b[39m=\u001b[32m\"flex items-center gap-2\"\u001b[39m\n              \u001b[36m>\u001b[39m\n                \u001b[36m<div\u001b[39m\n                  \u001b[33mclass\u001b[39m=\u001b[32m\"inline-block bg-white/20 backdrop-blur-sm px-3 py-1 rounded-full text-white text-xs font-bold\"\u001b[39m\n                \u001b[36m>\u001b[39m\n                  \u001b[0m99.5K Vistas\u001b[0m\n                \u001b[36m</div>\u001b[39m\n                \u001b[36m<div\u001b[39m\n                  \u001b[33mclass\u001b[39m=\u001b[32m\"inline-block bg-white/10 backdrop-blur-sm px-3 py-1 rounded-full text-white/70 text-xs\"\u001b[39m\n                \u001b[36m>\u001b[39m\n                  \u001b[0mTikTok + Instagram\u001b[0m\n                \u001b[36m</div>\u001b[39m\n              \u001b[36m</div>\u001b[39m\n            \u001b[36m</div>\u001b[39m\n          \u001b[36m</div>\u001b[39m\n        \u001b[36m</div>\u001b[39m\n        \u001b[36m<div\u001b[39m\n          \u001b[33mclass\u001b[39m=\u001b[32m\"text-center\"\u001b[39m\n          \u001b[33mstyle\u001b[39m=\u001b[32m\"opacity: 0;\"\u001b[39m\n        \u001b[36m>\u001b[39m\n          \u001b[36m<p\u001b[39m\n            \u001b[33mclass\u001b[39m=\u001b[32m\"text-sm font-bold text-slate-400 uppercase tracking-widest mb-6\"\u001b[39m\n          \u001b[36m>\u001b[39m\n            \u001b[0mColaboraciones Reales\u001b[0m\n          \u001b[36m</p>\u001b[39m\n          \u001b[36m<div\u001b[39m\n            \u001b[33mclass\u001b[39m=\u001b[32m\"flex flex-wrap justify-center gap-4\"\u001b[39m\n          \u001b[36m>\u001b[39m\n            \u001b[36m<div\u001b[39m\n              \u001b[33mclass\u001b[39m=\u001b[32m\"bg-slate-50 border border-slate-100 rounded-2xl px-6 py-4 flex flex-col items-center hover:border-pink-200 hover:shadow-sm transition-all\"\u001b[39m\n              \u001b[33mstyle\u001b[39m=\u001b[32m\"opacity: 0; transform: translateY(30px);\"\u001b[39m\n            \u001b[36m>\u001b[39m\n              \u001b[36m<span\u001b[39m\n                \u001b[33mclass\u001b[39m=\u001b[32m\"font-bold text-slate-800 text-sm\"\u001b[39m\n              \u001b[36m>\u001b[39m\n                \u001b[0mSecret Desodorantes\u001b[0m\n              \u001b[36m</span>\u001b[39m\n              \u001b[36m<span\u001b[39m\n                \u001b[33mclass\u001b[39m=\u001b[32m\"text-orange-400 text-xs font-medium mt-1\"\u001b[39m\n              \u001b[36m>\u001b[39m\n                \u001b[0m#tecuentomisecreto\u001b[0m\n              \u001b[36m</span>\u001b[39m\n              \u001b[36m<span\u001b[39m\n                \u001b[33mclass\u001b[39m=\u001b[32m\"text-slate-400 text-xs mt-0.5\"\u001b[39m\n              \u001b[36m>\u001b[39m\n                \u001b[0mCampaña Oficial\u001b[0m\n              \u001b[36m</span>\u001b[39m\n            \u001b[36m</div>\u001b[39m\n            \u001b[36m<div\u001b[39m\n              \u001b[33mclass\u001b[39m=\u001b[32m\"bg-slate-50 border border-slate-100 rounded-2xl px-6 py-4 flex flex-col items-center hover:border-pink-200 hover:shadow-sm transition-all\"\u001b[39m\n              \u001b[33mstyle\u001b[39m=\u001b[32m\"opacity: 0; transform: translateY(30px);\"\u001b[39m\n            \u001b[36m>\u001b[39m\n              \u001b[36m<span\u001b[39m\n                \u001b[33mclass\u001b[39m=\u001b[32m\"font-bold text-slate-800 text-sm\"\u001b[39m\n              \u001b[36m>\u001b[39m\n                \u001b[0mEkos Fusión\u001b[0m\n              \u001b[36m</span>\u001b[39m\n              \u001b[36m<span\u001b[39m\n                \u001b[33mclass\u001b[39m=\u001b[32m\"text-orange-400 text-xs font-medium mt-1\"\u001b[39m\n              \u001b[36m>\u001b[39m\n                \u001b[0mReseña Gastro\u001b[0m\n              \u001b[36m</span>\u001b[39m\n              \u001b[36m<span\u001b[39m\n                \u001b[33mclass\u001b[39m=\u001b[32m\"text-slate-400 text-xs mt-0.5\"\u001b[39m\n              \u001b[36m>\u001b[39m\n                \u001b[0mLifestyle\u001b[0m\n              \u001b[36m</span>\u001b[39m\n            \u001b[36m</div>\u001b[39m\n            \u001b[36m<div\u001b[39m\n              \u001b[33mclass\u001b[39m=\u001b[32m\"bg-slate-50 border border-slate-100 rounded-2xl px-6 py-4 flex flex-col items-center hover:border-pink-200 hover:shadow-sm transition-all\"\u001b[39m\n              \u001b[33mstyle\u001b[39m=\u001b[32m\"opacity: 0; transform: translateY(30px);\"\u001b[39m\n            \u001b[36m>\u001b[39m\n              \u001b[36m<span\u001b[39m\n                \u001b[33mclass\u001b[39m=\u001b[32m\"font-bold text-slate-800 text-sm\"\u001b[39m\n              \u001b[36m>\u001b[39m\n                \u001b[0mCanva / CapCut / ChatGPT\u001b[0m\n              \u001b[36m</span>\u001b[39m\n              \u001b[36m<span\u001b[39m\n                \u001b[33mclass\u001b[39m=\u001b[32m\"text-orange-400 text-xs font-medium mt-1\"\u001b[39m\n              \u001b[36m>\u001b[39m\n                \u001b[0mTech & Creación\u001b[0m\n              \u001b[36m</span>\u001b[39m\n              \u001b[36m<span\u001b[39m\n                \u001b[33mclass\u001b[39m=\u001b[32m\"text-slate-400 text-xs mt-0.5\"\u001b[39m\n              \u001b[36m>\u001b[39m\n                \u001b[0mOrgánico\u001b[0m\n              \u001b[36m</span>\u001b[39m\n            \u001b[36m</div>\u001b[39m\n          \u001b[36m</div>\u001b[39m\n        \u001b[36m</div>\u001b[39m\n      \u001b[36m</div>\u001b[39m\n    \u001b[36m</section>\u001b[39m\n  \u001b[36m</div>\u001b[39m\n\u001b[36m</body>\u001b[39m\n    at Object.getElementError (C:\\Users\\danil\\.gemini\\antigravity\\scratch\\BaruPortfolio\\node_modules\\@testing-library\\dom\\dist\\config.js:37:19)\n    at C:\\Users\\danil\\.gemini\\antigravity\\scratch\\BaruPortfolio\\node_modules\\@testing-library\\dom\\dist\\query-helpers.js:76:38\n    at C:\\Users\\danil\\.gemini\\antigravity\\scratch\\BaruPortfolio\\node_modules\\@testing-library\\dom\\dist\\query-helpers.js:52:17\n    at C:\\Users\\danil\\.gemini\\antigravity\\scratch\\BaruPortfolio\\node_modules\\@testing-library\\dom\\dist\\query-helpers.js:95:19\n    at C:/Users/danil/.gemini/antigravity/scratch/BaruPortfolio/src/components/__tests__/PortfolioSection.test.jsx:8:19\n    at file:///C:/Users/danil/.gemini/antigravity/scratch/BaruPortfolio/node_modules/@vitest/runner/dist/chunk-artifact.js:302:11\n    at file:///C:/Users/danil/.gemini/antigravity/scratch/BaruPortfolio/node_modules/@vitest/runner/dist/chunk-artifact.js:1893:26\n    at file:///C:/Users/danil/.gemini/antigravity/scratch/BaruPortfolio/node_modules/@vitest/runner/dist/chunk-artifact.js:2316:20\n    at new Promise (<anonymous>)\n    at runWithCancel (file:///C:/Users/danil/.gemini/antigravity/scratch/BaruPortfolio/node_modules/@vitest/runner/dist/chunk-artifact.js:2313:10)"],"meta":{},"tags":[]},{"ancestorTitles":["PortfolioSection Component"],"fullName":"PortfolioSection Component renders portfolio cards based on data","status":"failed","title":"renders portfolio cards based on data","duration":40.664599999999155,"failureMessages":["TestingLibraryElementError: Unable to find an element with the text: L'Oréal. This could be because the text is broken up by multiple elements. In this case, you can provide a function for your text matcher to make your matcher more flexible.\n\nIgnored nodes: comments, script, style\n\u001b[36m<body>\u001b[39m\n  \u001b[36m<div>\u001b[39m\n    \u001b[36m<section\u001b[39m\n      \u001b[33maria-labelledby\u001b[39m=\u001b[32m\"portfolio-heading\"\u001b[39m\n      \u001b[33mclass\u001b[39m=\u001b[32m\"py-32 px-6 bg-white relative\"\u001b[39m\n      \u001b[33mid\u001b[39m=\u001b[32m\"trabajo\"\u001b[39m\n    \u001b[36m>\u001b[39m\n      \u001b[36m<div\u001b[39m\n        \u001b[33mclass\u001b[39m=\u001b[32m\"max-w-[1400px] mx-auto\"\u001b[39m\n      \u001b[36m>\u001b[39m\n        \u001b[36m<div\u001b[39m\n          \u001b[33mclass\u001b[39m=\u001b[32m\"text-center mb-20\"\u001b[39m\n          \u001b[33mstyle\u001b[39m=\u001b[32m\"opacity: 0;\"\u001b[39m\n        \u001b[36m>\u001b[39m\n          \u001b[36m<h2\u001b[39m\n            \u001b[33mclass\u001b[39m=\u001b[32m\"text-sm font-bold uppercase tracking-widest text-pink-500 mb-4\"\u001b[39m\n          \u001b[36m>\u001b[39m\n            \u001b[0m02. Mi Portafolio\u001b[0m\n          \u001b[36m</h2>\u001b[39m\n          \u001b[36m<h3\u001b[39m\n            \u001b[33mclass\u001b[39m=\u001b[32m\"text-4xl md:text-6xl font-extrabold text-slate-900\"\u001b[39m\n            \u001b[33mid\u001b[39m=\u001b[32m\"portfolio-heading\"\u001b[39m\n          \u001b[36m>\u001b[39m\n            \u001b[0mMarcas que confiaron \u001b[0m\n            \u001b[36m<span\u001b[39m\n              \u001b[33mclass\u001b[39m=\u001b[32m\"text-gradient\"\u001b[39m\n            \u001b[36m>\u001b[39m\n              \u001b[0men mi visión.\u001b[0m\n            \u001b[36m</span>\u001b[39m\n          \u001b[36m</h3>\u001b[39m\n          \u001b[36m<p\u001b[39m\n            \u001b[33mclass\u001b[39m=\u001b[32m\"text-slate-500 mt-6 text-lg max-w-xl mx-auto\"\u001b[39m\n          \u001b[36m>\u001b[39m\n            \u001b[0mContenido real que ha generado millones de vistas y conexiones auténticas con audiencias.\u001b[0m\n          \u001b[36m</p>\u001b[39m\n        \u001b[36m</div>\u001b[39m\n        \u001b[36m<div\u001b[39m\n          \u001b[33mclass\u001b[39m=\u001b[32m\"grid grid-cols-1 md:grid-cols-2 lg:grid-cols-2 gap-8 mb-16 max-w-5xl mx-auto\"\u001b[39m\n          \u001b[33mstyle\u001b[39m=\u001b[32m\"opacity: 0;\"\u001b[39m\n        \u001b[36m>\u001b[39m\n          \u001b[36m<div\u001b[39m\n            \u001b[33maria-label\u001b[39m=\u001b[32m\"Proyecto: Secret Desodorantes — 4.9M Vistas\"\u001b[39m\n            \u001b[33mclass\u001b[39m=\u001b[32m\"group relative rounded-[2rem] overflow-hidden shadow-lg aspect-[4/5] cursor-pointer\"\u001b[39m\n            \u001b[33mrole\u001b[39m=\u001b[32m\"article\"\u001b[39m\n            \u001b[33mstyle\u001b[39m=\u001b[32m\"opacity: 0; transform: translateY(30px);\"\u001b[39m\n            \u001b[33mtabindex\u001b[39m=\u001b[32m\"0\"\u001b[39m\n          \u001b[36m>\u001b[39m\n            \u001b[36m<img\u001b[39m\n              \u001b[33malt\u001b[39m=\u001b[32m\"Contenido UGC para Secret Desodorantes\"\u001b[39m\n              \u001b[33mclass\u001b[39m=\u001b[32m\"w-full h-full object-cover group-hover:scale-110 transition-transform duration-700 ease-in-out\"\u001b[39m\n              \u001b[33mheight\u001b[39m=\u001b[32m\"1000\"\u001b[39m\n              \u001b[33mloading\u001b[39m=\u001b[32m\"lazy\"\u001b[39m\n              \u001b[33msrc\u001b[39m=\u001b[32m\"https://images.unsplash.com/photo-1616683693504-3ea7e9ad6fec?q=80&w=800&auto=format&fit=crop\"\u001b[39m\n              \u001b[33mwidth\u001b[39m=\u001b[32m\"800\"\u001b[39m\n            \u001b[36m/>\u001b[39m\n            \u001b[36m<div\u001b[39m\n              \u001b[33maria-hidden\u001b[39m=\u001b[32m\"true\"\u001b[39m\n              \u001b[33mclass\u001b[39m=\u001b[32m\"absolute inset-0 bg-gradient-to-t from-orange-400 to-orange-500 opacity-60 mix-blend-multiply group-hover:opacity-80 transition-opacity duration-500\"\u001b[39m\n            \u001b[36m/>\u001b[39m\n            \u001b[36m<div\u001b[39m\n              \u001b[33maria-hidden\u001b[39m=\u001b[32m\"true\"\u001b[39m\n              \u001b[33mclass\u001b[39m=\u001b[32m\"absolute inset-0 bg-gradient-to-t from-slate-900 via-slate-900/40 to-transparent opacity-80\"\u001b[39m\n            \u001b[36m/>\u001b[39m\n            \u001b[36m<div\u001b[39m\n              \u001b[33mclass\u001b[39m=\u001b[32m\"absolute top-6 left-6 z-20\"\u001b[39m\n            \u001b[36m>\u001b[39m\n              \u001b[36m<span\u001b[39m\n                \u001b[33mclass\u001b[39m=\u001b[32m\"bg-white/20 backdrop-blur-sm text-white text-xs font-bold px-3 py-1 rounded-full border border-white/20\"\u001b[39m\n              \u001b[36m>\u001b[39m\n                \u001b[0m🔥 Viral\u001b[0m\n              \u001b[36m</span>\u001b[39m\n            \u001b[36m</div>\u001b[39m\n            \u001b[36m<div\u001b[39m\n              \u001b[33mclass\u001b[39m=\u001b[32m\"absolute inset-0 flex items-center justify-center opacity-0 group-hover:opacity-100 transition-all duration-300 scale-75 group-hover:scale-100 z-10\"\u001b[39m\n            \u001b[36m>\u001b[39m\n              \u001b[36m<div\u001b[39m\n                \u001b[33mclass\u001b[39m=\u001b[32m\"w-16 h-16 bg-white/30 backdrop-blur-md rounded-full flex items-center justify-center\"\u001b[39m\n              \u001b[36m>\u001b[39m\n                \u001b[36m<svg\u001b[39m\n                  \u001b[33maria-hidden\u001b[39m=\u001b[32m\"true\"\u001b[39m\n                  \u001b[33mclass\u001b[39m=\u001b[32m\"lucide lucide-arrow-up-right w-6 h-6 text-white\"\u001b[39m\n                  \u001b[33mfill\u001b[39m=\u001b[32m\"none\"\u001b[39m\n                  \u001b[33mheight\u001b[39m=\u001b[32m\"24\"\u001b[39m\n                  \u001b[33mstroke\u001b[39m=\u001b[32m\"currentColor\"\u001b[39m\n                  \u001b[33mstroke-linecap\u001b[39m=\u001b[32m\"round\"\u001b[39m\n                  \u001b[33mstroke-linejoin\u001b[39m=\u001b[32m\"round\"\u001b[39m\n                  \u001b[33mstroke-width\u001b[39m=\u001b[32m\"2\"\u001b[39m\n                  \u001b[33mviewBox\u001b[39m=\u001b[32m\"0 0 24 24\"\u001b[39m\n                  \u001b[33mwidth\u001b[39m=\u001b[32m\"24\"\u001b[39m\n                  \u001b[33mxmlns\u001b[39m=\u001b[32m\"http://www.w3.org/2000/svg\"\u001b[39m\n                \u001b[36m>\u001b[39m\n                  \u001b[36m<path\u001b[39m\n                    \u001b[33md\u001b[39m=\u001b[32m\"M7 7h10v10\"\u001b[39m\n                  \u001b[36m/>\u001b[39m\n                  \u001b[36m<path\u001b[39m\n                    \u001b[33md\u001b[39m=\u001b[32m\"M7 17 17 7\"\u001b[39m\n                  \u001b[36m/>\u001b[39m\n                \u001b[36m</svg>\u001b[39m\n              \u001b[36m</div>\u001b[39m\n            \u001b[36m</div>\u001b[39m\n            \u001b[36m<div\u001b[39m\n              \u001b[33mclass\u001b[39m=\u001b[32m\"absolute bottom-0 left-0 w-full p-8 z-20 translate-y-4 group-hover:translate-y-0 transition-transform duration-500\"\u001b[39m\n            \u001b[36m>\u001b[39m\n              \u001b[36m<p\u001b[39m\n                \u001b[33mclass\u001b[39m=\u001b[32m\"text-white/70 text-xs font-bold uppercase tracking-wider mb-1\"\u001b[39m\n              \u001b[36m>\u001b[39m\n                \u001b[0mBrand Deal · UGC Orgánico\u001b[0m\n              \u001b[36m</p>\u001b[39m\n              \u001b[36m<h4\u001b[39m\n                \u001b[33mclass\u001b[39m=\u001b[32m\"text-white text-2xl font-extrabold mb-2 leading-tight\"\u001b[39m\n              \u001b[36m>\u001b[39m\n                \u001b[0mSecret Desodorantes\u001b[0m\n              \u001b[36m</h4>\u001b[39m\n              \u001b[36m<div\u001b[39m\n                \u001b[33mclass\u001b[39m=\u001b[32m\"flex items-center gap-2\"\u001b[39m\n              \u001b[36m>\u001b[39m\n                \u001b[36m<div\u001b[39m\n                  \u001b[33mclass\u001b[39m=\u001b[32m\"inline-block bg-white/20 backdrop-blur-sm px-3 py-1 rounded-full text-white text-xs font-bold\"\u001b[39m\n                \u001b[36m>\u001b[39m\n                  \u001b[0m4.9M Vistas\u001b[0m\n                \u001b[36m</div>\u001b[39m\n                \u001b[36m<div\u001b[39m\n                  \u001b[33mclass\u001b[39m=\u001b[32m\"inline-block bg-white/10 backdrop-blur-sm px-3 py-1 rounded-full text-white/70 text-xs\"\u001b[39m\n                \u001b[36m>\u001b[39m\n                  \u001b[0mTikTok + Instagram\u001b[0m\n                \u001b[36m</div>\u001b[39m\n              \u001b[36m</div>\u001b[39m\n            \u001b[36m</div>\u001b[39m\n          \u001b[36m</div>\u001b[39m\n          \u001b[36m<div\u001b[39m\n            \u001b[33maria-label\u001b[39m=\u001b[32m\"Proyecto: Ekos Fusión — 99.5K Vistas\"\u001b[39m\n            \u001b[33mclass\u001b[39m=\u001b[32m\"group relative rounded-[2rem] overflow-hidden shadow-lg aspect-[4/5] cursor-pointer\"\u001b[39m\n            \u001b[33mrole\u001b[39m=\u001b[32m\"article\"\u001b[39m\n            \u001b[33mstyle\u001b[39m=\u001b[32m\"opacity: 0; transform: translateY(30px);\"\u001b[39m\n            \u001b[33mtabindex\u001b[39m=\u001b[32m\"0\"\u001b[39m\n          \u001b[36m>\u001b[39m\n            \u001b[36m<img\u001b[39m\n              \u001b[33malt\u001b[39m=\u001b[32m\"Contenido UGC para Ekos Fusión\"\u001b[39m\n              \u001b[33mclass\u001b[39m=\u001b[32m\"w-full h-full object-cover group-hover:scale-110 transition-transform duration-700 ease-in-out\"\u001b[39m\n              \u001b[33mheight\u001b[39m=\u001b[32m\"1000\"\u001b[39m\n              \u001b[33mloading\u001b[39m=\u001b[32m\"lazy\"\u001b[39m\n              \u001b[33msrc\u001b[39m=\u001b[32m\"https://images.unsplash.com/photo-1516575334481-f85287c2c82d?q=80&w=800&auto=format&fit=crop\"\u001b[39m\n              \u001b[33mwidth\u001b[39m=\u001b[32m\"800\"\u001b[39m\n            \u001b[36m/>\u001b[39m\n            \u001b[36m<div\u001b[39m\n              \u001b[33maria-hidden\u001b[39m=\u001b[32m\"true\"\u001b[39m\n              \u001b[33mclass\u001b[39m=\u001b[32m\"absolute inset-0 bg-gradient-to-t from-rose-400 to-orange-400 opacity-60 mix-blend-multiply group-hover:opacity-80 transition-opacity duration-500\"\u001b[39m\n            \u001b[36m/>\u001b[39m\n            \u001b[36m<div\u001b[39m\n              \u001b[33maria-hidden\u001b[39m=\u001b[32m\"true\"\u001b[39m\n              \u001b[33mclass\u001b[39m=\u001b[32m\"absolute inset-0 bg-gradient-to-t from-slate-900 via-slate-900/40 to-transparent opacity-80\"\u001b[39m\n            \u001b[36m/>\u001b[39m\n            \u001b[36m<div\u001b[39m\n              \u001b[33mclass\u001b[39m=\u001b[32m\"absolute top-6 left-6 z-20\"\u001b[39m\n            \u001b[36m>\u001b[39m\n              \u001b[36m<span\u001b[39m\n                \u001b[33mclass\u001b[39m=\u001b[32m\"bg-white/20 backdrop-blur-sm text-white text-xs font-bold px-3 py-1 rounded-full border border-white/20\"\u001b[39m\n              \u001b[36m>\u001b[39m\n                \u001b[0m📍 Providencia\u001b[0m\n              \u001b[36m</span>\u001b[39m\n            \u001b[36m</div>\u001b[39m\n            \u001b[36m<div\u001b[39m\n              \u001b[33mclass\u001b[39m=\u001b[32m\"absolute inset-0 flex items-center justify-center opacity-0 group-hover:opacity-100 transition-all duration-300 scale-75 group-hover:scale-100 z-10\"\u001b[39m\n            \u001b[36m>\u001b[39m\n              \u001b[36m<div\u001b[39m\n                \u001b[33mclass\u001b[39m=\u001b[32m\"w-16 h-16 bg-white/30 backdrop-blur-md rounded-full flex items-center justify-center\"\u001b[39m\n              \u001b[36m>\u001b[39m\n                \u001b[36m<svg\u001b[39m\n                  \u001b[33maria-hidden\u001b[39m=\u001b[32m\"true\"\u001b[39m\n                  \u001b[33mclass\u001b[39m=\u001b[32m\"lucide lucide-arrow-up-right w-6 h-6 text-white\"\u001b[39m\n                  \u001b[33mfill\u001b[39m=\u001b[32m\"none\"\u001b[39m\n                  \u001b[33mheight\u001b[39m=\u001b[32m\"24\"\u001b[39m\n                  \u001b[33mstroke\u001b[39m=\u001b[32m\"currentColor\"\u001b[39m\n                  \u001b[33mstroke-linecap\u001b[39m=\u001b[32m\"round\"\u001b[39m\n                  \u001b[33mstroke-linejoin\u001b[39m=\u001b[32m\"round\"\u001b[39m\n                  \u001b[33mstroke-width\u001b[39m=\u001b[32m\"2\"\u001b[39m\n                  \u001b[33mviewBox\u001b[39m=\u001b[32m\"0 0 24 24\"\u001b[39m\n                  \u001b[33mwidth\u001b[39m=\u001b[32m\"24\"\u001b[39m\n                  \u001b[33mxmlns\u001b[39m=\u001b[32m\"http://www.w3.org/2000/svg\"\u001b[39m\n                \u001b[36m>\u001b[39m\n                  \u001b[36m<path\u001b[39m\n                    \u001b[33md\u001b[39m=\u001b[32m\"M7 7h10v10\"\u001b[39m\n                  \u001b[36m/>\u001b[39m\n                  \u001b[36m<path\u001b[39m\n                    \u001b[33md\u001b[39m=\u001b[32m\"M7 17 17 7\"\u001b[39m\n                  \u001b[36m/>\u001b[39m\n                \u001b[36m</svg>\u001b[39m\n              \u001b[36m</div>\u001b[39m\n            \u001b[36m</div>\u001b[39m\n            \u001b[36m<div\u001b[39m\n              \u001b[33mclass\u001b[39m=\u001b[32m\"absolute bottom-0 left-0 w-full p-8 z-20 translate-y-4 group-hover:translate-y-0 transition-transform duration-500\"\u001b[39m\n            \u001b[36m>\u001b[39m\n              \u001b[36m<p\u001b[39m\n                \u001b[33mclass\u001b[39m=\u001b[32m\"text-white/70 text-xs font-bold uppercase tracking-wider mb-1\"\u001b[39m\n              \u001b[36m>\u001b[39m\n                \u001b[0mReseña Gastronómica · Lifestyle\u001b[0m\n              \u001b[36m</p>\u001b[39m\n              \u001b[36m<h4\u001b[39m\n                \u001b[33mclass\u001b[39m=\u001b[32m\"text-white text-2xl font-extrabold mb-2 leading-tight\"\u001b[39m\n              \u001b[36m>\u001b[39m\n                \u001b[0mEkos Fusión\u001b[0m\n              \u001b[36m</h4>\u001b[39m\n              \u001b[36m<div\u001b[39m\n                \u001b[33mclass\u001b[39m=\u001b[32m\"flex items-center gap-2\"\u001b[39m\n              \u001b[36m>\u001b[39m\n                \u001b[36m<div\u001b[39m\n                  \u001b[33mclass\u001b[39m=\u001b[32m\"inline-block bg-white/20 backdrop-blur-sm px-3 py-1 rounded-full text-white text-xs font-bold\"\u001b[39m\n                \u001b[36m>\u001b[39m\n                  \u001b[0m99.5K Vistas\u001b[0m\n                \u001b[36m</div>\u001b[39m\n                \u001b[36m<div\u001b[39m\n                  \u001b[33mclass\u001b[39m=\u001b[32m\"inline-block bg-white/10 backdrop-blur-sm px-3 py-1 rounded-full text-white/70 text-xs\"\u001b[39m\n                \u001b[36m>\u001b[39m\n                  \u001b[0mTikTok + Instagram\u001b[0m\n                \u001b[36m</div>\u001b[39m\n              \u001b[36m</div>\u001b[39m\n            \u001b[36m</div>\u001b[39m\n          \u001b[36m</div>\u001b[39m\n        \u001b[36m</div>\u001b[39m\n        \u001b[36m<div\u001b[39m\n          \u001b[33mclass\u001b[39m=\u001b[32m\"text-center\"\u001b[39m\n          \u001b[33mstyle\u001b[39m=\u001b[32m\"opacity: 0;\"\u001b[39m\n        \u001b[36m>\u001b[39m\n          \u001b[36m<p\u001b[39m\n            \u001b[33mclass\u001b[39m=\u001b[32m\"text-sm font-bold text-slate-400 uppercase tracking-widest mb-6\"\u001b[39m\n          \u001b[36m>\u001b[39m\n            \u001b[0mColaboraciones Reales\u001b[0m\n          \u001b[36m</p>\u001b[39m\n          \u001b[36m<div\u001b[39m\n            \u001b[33mclass\u001b[39m=\u001b[32m\"flex flex-wrap justify-center gap-4\"\u001b[39m\n          \u001b[36m>\u001b[39m\n            \u001b[36m<div\u001b[39m\n              \u001b[33mclass\u001b[39m=\u001b[32m\"bg-slate-50 border border-slate-100 rounded-2xl px-6 py-4 flex flex-col items-center hover:border-pink-200 hover:shadow-sm transition-all\"\u001b[39m\n              \u001b[33mstyle\u001b[39m=\u001b[32m\"opacity: 0; transform: translateY(30px);\"\u001b[39m\n            \u001b[36m>\u001b[39m\n              \u001b[36m<span\u001b[39m\n                \u001b[33mclass\u001b[39m=\u001b[32m\"font-bold text-slate-800 text-sm\"\u001b[39m\n              \u001b[36m>\u001b[39m\n                \u001b[0mSecret Desodorantes\u001b[0m\n              \u001b[36m</span>\u001b[39m\n              \u001b[36m<span\u001b[39m\n                \u001b[33mclass\u001b[39m=\u001b[32m\"text-orange-400 text-xs font-medium mt-1\"\u001b[39m\n              \u001b[36m>\u001b[39m\n                \u001b[0m#tecuentomisecreto\u001b[0m\n              \u001b[36m</span>\u001b[39m\n              \u001b[36m<span\u001b[39m\n                \u001b[33mclass\u001b[39m=\u001b[32m\"text-slate-400 text-xs mt-0.5\"\u001b[39m\n              \u001b[36m>\u001b[39m\n                \u001b[0mCampaña Oficial\u001b[0m\n              \u001b[36m</span>\u001b[39m\n            \u001b[36m</div>\u001b[39m\n            \u001b[36m<div\u001b[39m\n              \u001b[33mclass\u001b[39m=\u001b[32m\"bg-slate-50 border border-slate-100 rounded-2xl px-6 py-4 flex flex-col items-center hover:border-pink-200 hover:shadow-sm transition-all\"\u001b[39m\n              \u001b[33mstyle\u001b[39m=\u001b[32m\"opacity: 0; transform: translateY(30px);\"\u001b[39m\n            \u001b[36m>\u001b[39m\n              \u001b[36m<span\u001b[39m\n                \u001b[33mclass\u001b[39m=\u001b[32m\"font-bold text-slate-800 text-sm\"\u001b[39m\n              \u001b[36m>\u001b[39m\n                \u001b[0mEkos Fusión\u001b[0m\n              \u001b[36m</span>\u001b[39m\n              \u001b[36m<span\u001b[39m\n                \u001b[33mclass\u001b[39m=\u001b[32m\"text-orange-400 text-xs font-medium mt-1\"\u001b[39m\n              \u001b[36m>\u001b[39m\n                \u001b[0mReseña Gastro\u001b[0m\n              \u001b[36m</span>\u001b[39m\n              \u001b[36m<span\u001b[39m\n                \u001b[33mclass\u001b[39m=\u001b[32m\"text-slate-400 text-xs mt-0.5\"\u001b[39m\n              \u001b[36m>\u001b[39m\n                \u001b[0mLifestyle\u001b[0m\n              \u001b[36m</span>\u001b[39m\n            \u001b[36m</div>\u001b[39m\n            \u001b[36m<div\u001b[39m\n              \u001b[33mclass\u001b[39m=\u001b[32m\"bg-slate-50 border border-slate-100 rounded-2xl px-6 py-4 flex flex-col items-center hover:border-pink-200 hover:shadow-sm transition-all\"\u001b[39m\n              \u001b[33mstyle\u001b[39m=\u001b[32m\"opacity: 0; transform: translateY(30px);\"\u001b[39m\n            \u001b[36m>\u001b[39m\n              \u001b[36m<span\u001b[39m\n                \u001b[33mclass\u001b[39m=\u001b[32m\"font-bold text-slate-800 text-sm\"\u001b[39m\n              \u001b[36m>\u001b[39m\n                \u001b[0mCanva / CapCut / ChatGPT\u001b[0m\n              \u001b[36m</span>\u001b[39m\n              \u001b[36m<span\u001b[39m\n                \u001b[33mclass\u001b[39m=\u001b[32m\"text-orange-400 text-xs font-medium mt-1\"\u001b[39m\n              \u001b[36m>\u001b[39m\n                \u001b[0mTech & Creación\u001b[0m\n              \u001b[36m</span>\u001b[39m\n              \u001b[36m<span\u001b[39m\n                \u001b[33mclass\u001b[39m=\u001b[32m\"text-slate-400 text-xs mt-0.5\"\u001b[39m\n              \u001b[36m>\u001b[39m\n                \u001b[0mOrgánico\u001b[0m\n              \u001b[36m</span>\u001b[39m\n            \u001b[36m</div>\u001b[39m\n          \u001b[36m</div>\u001b[39m\n        \u001b[36m</div>\u001b[39m\n      \u001b[36m</div>\u001b[39m\n    \u001b[36m</section>\u001b[39m\n  \u001b[36m</div>\u001b[39m\n\u001b[36m</body>\u001b[39m\n    at Object.getElementError (C:\\Users\\danil\\.gemini\\antigravity\\scratch\\BaruPortfolio\\node_modules\\@testing-library\\dom\\dist\\config.js:37:19)\n    at C:\\Users\\danil\\.gemini\\antigravity\\scratch\\BaruPortfolio\\node_modules\\@testing-library\\dom\\dist\\query-helpers.js:76:38\n    at C:\\Users\\danil\\.gemini\\antigravity\\scratch\\BaruPortfolio\\node_modules\\@testing-library\\dom\\dist\\query-helpers.js:52:17\n    at C:\\Users\\danil\\.gemini\\antigravity\\scratch\\BaruPortfolio\\node_modules\\@testing-library\\dom\\dist\\query-helpers.js:95:19\n    at C:/Users/danil/.gemini/antigravity/scratch/BaruPortfolio/src/components/__tests__/PortfolioSection.test.jsx:14:19\n    at file:///C:/Users/danil/.gemini/antigravity/scratch/BaruPortfolio/node_modules/@vitest/runner/dist/chunk-artifact.js:302:11\n    at file:///C:/Users/danil/.gemini/antigravity/scratch/BaruPortfolio/node_modules/@vitest/runner/dist/chunk-artifact.js:1893:26\n    at file:///C:/Users/danil/.gemini/antigravity/scratch/BaruPortfolio/node_modules/@vitest/runner/dist/chunk-artifact.js:2316:20\n    at new Promise (<anonymous>)\n    at runWithCancel (file:///C:/Users/danil/.gemini/antigravity/scratch/BaruPortfolio/node_modules/@vitest/runner/dist/chunk-artifact.js:2313:10)"],"meta":{},"tags":[]}],"startTime":1774904300279,"endTime":1774904300521.6646,"status":"failed","message":"","name":"C:/Users/danil/.gemini/antigravity/scratch/BaruPortfolio/src/components/__tests__/PortfolioSection.test.jsx"}]}
